[2mNov  5 17:16:31.330[0m [92mINF[0m [2mexecutor/container_manager.go:271[0m Current workers is not at the limit [2mcurrent=[0m0 [2mlimit=[0m5
[2mNov  5 17:16:31.331[0m [91mERR[0m [2mexecutor/container_manager.go:153[0m Failed to **create** Container [2merr=[0m"Error response from daemon: No such image: worker:latest"
[2mNov  5 17:16:31.331[0m [91mERR[0m [2mexecutor/container_manager.go:277[0m Failed to start Container [2merr=[0m"Error response from daemon: No such image: worker:latest"
[2mNov  5 17:16:36.655[0m [92mINF[0m [2mexecutor/container_manager.go:319[0m Shutting down all Containers...
[2mNov  5 17:16:36.655[0m [92mINF[0m [2mexecutor/container_manager.go:323[0m Shutdown process is done
[2mNov  5 17:18:43.166[0m [92mINF[0m [2mexecutor/container_manager.go:271[0m Current workers is not at the limit [2mcurrent=[0m0 [2mlimit=[0m5
[2mNov  5 17:18:43.354[0m [92mINF[0m [2mexecutor/container_manager.go:172[0m Container started [2mcontainer_id=[0m4ccdd051f78ecd5b203145d6a0691996ae78f81e0f0985fb487774115bc3eb96
[2mNov  5 17:18:43.513[0m [92mINF[0m [2mexecutor/container_manager.go:172[0m Container started [2mcontainer_id=[0m1c0efa3948a340e7548876bc96dc942988827e21416088cbe6859935dffb96ba
[2mNov  5 17:18:43.670[0m [92mINF[0m [2mexecutor/container_manager.go:172[0m Container started [2mcontainer_id=[0m6ed7585756e50e52f808c3b046b8feb8d350bab5b59c080ddf190d68fd1aa05e
[2mNov  5 17:18:43.827[0m [92mINF[0m [2mexecutor/container_manager.go:172[0m Container started [2mcontainer_id=[0m1efb078a18b8508fc9dea0442b6866eb8e896c83dbf9a0c6a752f9de143ff415
[2mNov  5 17:18:43.996[0m [92mINF[0m [2mexecutor/container_manager.go:172[0m Container started [2mcontainer_id=[0mc018d9a432b08afea73c06c457f7f0af200b227b6536beca9e45d3f26dd582a5
[2mNov  5 17:18:48.776[0m [92mINF[0m [2mexecutor/container_manager.go:319[0m Shutting down all Containers...
[2mNov  5 17:18:49.123[0m [92mINF[0m [2mexecutor/container_manager.go:323[0m Shutdown process is done
[2mNov  5 17:19:02.575[0m [92mINF[0m [2mexecutor/container_manager.go:271[0m Current workers is not at the limit [2mcurrent=[0m0 [2mlimit=[0m5
[2mNov  5 17:19:02.725[0m [92mINF[0m [2mexecutor/container_manager.go:172[0m Container started [2mcontainer_id=[0m76db5d73a9b9f6722530d2a3e2906bf3d6b4650c660094e6195ab63ad32367d3
[2mNov  5 17:19:02.881[0m [92mINF[0m [2mexecutor/container_manager.go:172[0m Container started [2mcontainer_id=[0mce1f6d27da301548526d5d020bdac9f5e924eb5f32c95d501619571dafa7f253
[2mNov  5 17:19:03.033[0m [92mINF[0m [2mexecutor/container_manager.go:172[0m Container started [2mcontainer_id=[0m015d4ae5bdadca9ccf6bc976829da6a52af37dda8066c2efe3b0eaf41c857422
[2mNov  5 17:19:03.190[0m [92mINF[0m [2mexecutor/container_manager.go:172[0m Container started [2mcontainer_id=[0m834b6dbe102cddd17dab7e1cf9e05d0512353b070d5a166da3c76538001c88eb
[2mNov  5 17:19:03.344[0m [92mINF[0m [2mexecutor/container_manager.go:172[0m Container started [2mcontainer_id=[0m953a4f48f261ad5ca3660911473352bd20cb3e5fc053fb1181d168d3fe9cbf9f
[2mNov  5 17:20:22.055[0m [92mINF[0m [2mexecutor/container_manager.go:303[0m Container is assigned to job [2mcontainer_id=[0m834b6dbe102cddd17dab7e1cf9e05d0512353b070d5a166da3c76538001c88eb
[2mNov  5 17:20:22.055[0m [92mINF[0m [2mexecutor/worker_pool.go:303[0m Container state is set [2mcontainer_id=[0m834b6dbe102cddd17dab7e1cf9e05d0512353b070d5a166da3c76538001c88eb [2mstate=[0mbusy
[2mNov  5 17:20:22.122[0m [92mINF[0m [2mexecutor/worker_pool.go:303[0m Container state is set [2mcontainer_id=[0m834b6dbe102cddd17dab7e1cf9e05d0512353b070d5a166da3c76538001c88eb [2mstate=[0midle
[2mNov  5 17:20:45.299[0m [92mINF[0m [2mexecutor/container_manager.go:319[0m Shutting down all Containers...
[2mNov  5 17:20:45.645[0m [92mINF[0m [2mexecutor/container_manager.go:323[0m Shutdown process is done
[2mNov  5 17:26:04.716[0m [92mINF[0m [2mexecutor/container_manager.go:271[0m Current workers is not at the limit [2mcurrent=[0m0 [2mlimit=[0m5
[2mNov  5 17:26:04.889[0m [92mINF[0m [2mexecutor/container_manager.go:172[0m Container started [2mcontainer_id=[0m936c87662b39e872211cb3a3eaa72ccdfe2d717b5637f50a58200731cbb2d982
[2mNov  5 17:26:05.050[0m [92mINF[0m [2mexecutor/container_manager.go:172[0m Container started [2mcontainer_id=[0m7251cef40a5ec851d3ccd47da11c10bd79e090b86543b0a765c2beda7db5b0a1
[2mNov  5 17:26:05.212[0m [92mINF[0m [2mexecutor/container_manager.go:172[0m Container started [2mcontainer_id=[0m244a856937c62772e3166598670921896598dbd8fb2aecacf800084940b2792d
[2mNov  5 17:26:05.365[0m [92mINF[0m [2mexecutor/container_manager.go:172[0m Container started [2mcontainer_id=[0m9d72395e3ff8dc82c754b7729d63b9dca38db4f01bb77a0b5f7a0b15013d70bd
[2mNov  5 17:26:05.524[0m [92mINF[0m [2mexecutor/container_manager.go:172[0m Container started [2mcontainer_id=[0m0b899e3771e40a5832f692b4ecefb109c485c7361da0ddd6e20e48219059a308
[2mNov  5 17:26:10.393[0m [92mINF[0m [2mexecutor/container_manager.go:303[0m Container is assigned to job [2mcontainer_id=[0m0b899e3771e40a5832f692b4ecefb109c485c7361da0ddd6e20e48219059a308
[2mNov  5 17:26:10.393[0m [92mINF[0m [2mexecutor/worker_pool.go:305[0m Container state is set [2mcontainer_id=[0m0b899e3771e40a5832f692b4ecefb109c485c7361da0ddd6e20e48219059a308 [2mstate=[0mbusy
[2mNov  5 17:26:10.467[0m [92mINF[0m [2mexecutor/worker_pool.go:305[0m Container state is set [2mcontainer_id=[0m0b899e3771e40a5832f692b4ecefb109c485c7361da0ddd6e20e48219059a308 [2mstate=[0midle
[2mNov  5 17:26:42.150[0m [92mINF[0m [2mexecutor/container_manager.go:319[0m Shutting down all Containers...
[2mNov  5 17:26:42.497[0m [92mINF[0m [2mexecutor/container_manager.go:323[0m Shutdown process is done
[2mNov  5 17:36:21.801[0m [92mINF[0m [2mexecutor/container_manager.go:271[0m Current workers is not at the limit [2mcurrent=[0m0 [2mlimit=[0m5
[2mNov  5 17:36:21.977[0m [92mINF[0m [2mexecutor/container_manager.go:172[0m Container started [2mcontainer_id=[0m5f05e1da185a19e973012977ab65278f26417cf44dfa15be9f04f2a4ae587a5e
[2mNov  5 17:36:22.132[0m [92mINF[0m [2mexecutor/container_manager.go:172[0m Container started [2mcontainer_id=[0m34d6a6eacb1c2348b2e09df77471be3f584d3a9274fb0ac47795acf01dda4b0a
[2mNov  5 17:36:22.297[0m [92mINF[0m [2mexecutor/container_manager.go:172[0m Container started [2mcontainer_id=[0m351b971fbab47b6a5cec3736c07463ea9171cc4a8af198f1165b3332e78fbeba
[2mNov  5 17:36:22.462[0m [92mINF[0m [2mexecutor/container_manager.go:172[0m Container started [2mcontainer_id=[0mf8e72ed6e3a46af1ff491686b72d91cbafecdce1dbb63bac3e6a0551db5b224c
[2mNov  5 17:36:22.614[0m [92mINF[0m [2mexecutor/container_manager.go:172[0m Container started [2mcontainer_id=[0ma054a10584bef9be55398e72b5bff2c5dc215937abd217dca877a63d9a570652
[2mNov  5 17:36:24.788[0m [92mINF[0m [2mexecutor/container_manager.go:303[0m Container is assigned to job [2mcontainer_id=[0m5f05e1da185a19e973012977ab65278f26417cf44dfa15be9f04f2a4ae587a5e
[2mNov  5 17:36:24.788[0m [92mINF[0m [2mexecutor/worker_pool.go:305[0m Container state is set [2mcontainer_id=[0m5f05e1da185a19e973012977ab65278f26417cf44dfa15be9f04f2a4ae587a5e [2mstate=[0mbusy
[2mNov  5 17:36:35.486[0m [92mINF[0m [2mexecutor/worker_pool.go:305[0m Container state is set [2mcontainer_id=[0m5f05e1da185a19e973012977ab65278f26417cf44dfa15be9f04f2a4ae587a5e [2mstate=[0midle
[2mNov  5 17:36:41.276[0m [92mINF[0m [2mexecutor/container_manager.go:303[0m Container is assigned to job [2mcontainer_id=[0mf8e72ed6e3a46af1ff491686b72d91cbafecdce1dbb63bac3e6a0551db5b224c
[2mNov  5 17:36:41.276[0m [92mINF[0m [2mexecutor/worker_pool.go:305[0m Container state is set [2mcontainer_id=[0mf8e72ed6e3a46af1ff491686b72d91cbafecdce1dbb63bac3e6a0551db5b224c [2mstate=[0mbusy
[2mNov  5 17:36:50.388[0m [92mINF[0m [2mexecutor/worker_pool.go:305[0m Container state is set [2mcontainer_id=[0mf8e72ed6e3a46af1ff491686b72d91cbafecdce1dbb63bac3e6a0551db5b224c [2mstate=[0midle
[2mNov  5 17:37:37.533[0m [92mINF[0m [2mexecutor/container_manager.go:303[0m Container is assigned to job [2mcontainer_id=[0ma054a10584bef9be55398e72b5bff2c5dc215937abd217dca877a63d9a570652
[2mNov  5 17:37:37.533[0m [92mINF[0m [2mexecutor/worker_pool.go:305[0m Container state is set [2mcontainer_id=[0ma054a10584bef9be55398e72b5bff2c5dc215937abd217dca877a63d9a570652 [2mstate=[0mbusy
[2mNov  5 17:37:46.455[0m [92mINF[0m [2mexecutor/worker_pool.go:305[0m Container state is set [2mcontainer_id=[0ma054a10584bef9be55398e72b5bff2c5dc215937abd217dca877a63d9a570652 [2mstate=[0midle
[2mNov  5 17:38:27.634[0m [92mINF[0m [2mexecutor/container_manager.go:319[0m Shutting down all Containers...
[2mNov  5 17:38:28.029[0m [92mINF[0m [2mexecutor/container_manager.go:323[0m Shutdown process is done
[2mNov  5 17:38:29.707[0m [92mINF[0m [2mexecutor/container_manager.go:271[0m Current workers is not at the limit [2mcurrent=[0m0 [2mlimit=[0m5
[2mNov  5 17:38:29.879[0m [92mINF[0m [2mexecutor/container_manager.go:172[0m Container started [2mcontainer_id=[0m220833668e8504dd840039baad556effc6e14bc9bfaa7fcf7b7e06bc714c5d41
[2mNov  5 17:38:30.028[0m [92mINF[0m [2mexecutor/container_manager.go:172[0m Container started [2mcontainer_id=[0m04672d17bc237e5b9872679b60823c19c0aa04a530203a8a9e5df3fff7d512e4
[2mNov  5 17:38:30.185[0m [92mINF[0m [2mexecutor/container_manager.go:172[0m Container started [2mcontainer_id=[0m35e6e9d83f067c359457f78dbeb68650e105edb7016a8ebbb3f470c98cb60705
[2mNov  5 17:38:30.348[0m [92mINF[0m [2mexecutor/container_manager.go:172[0m Container started [2mcontainer_id=[0m49ca71fb8e451ad387a13f32b223350f278712be410c029f2b0d5ad6d88713fc
[2mNov  5 17:38:30.511[0m [92mINF[0m [2mexecutor/container_manager.go:172[0m Container started [2mcontainer_id=[0ma3dd087afccf6fe63b1d04d40ab2bc9e055596df2658fc069473b9c34eee1dcb
[2mNov  5 17:38:34.401[0m [92mINF[0m [2mexecutor/container_manager.go:303[0m Container is assigned to job [2mcontainer_id=[0m220833668e8504dd840039baad556effc6e14bc9bfaa7fcf7b7e06bc714c5d41
[2mNov  5 17:38:34.401[0m [92mINF[0m [2mexecutor/worker_pool.go:305[0m Container state is set [2mcontainer_id=[0m220833668e8504dd840039baad556effc6e14bc9bfaa7fcf7b7e06bc714c5d41 [2mstate=[0mbusy
[2mNov  5 17:38:40.119[0m [92mINF[0m [2mexecutor/worker_pool.go:305[0m Container state is set [2mcontainer_id=[0m220833668e8504dd840039baad556effc6e14bc9bfaa7fcf7b7e06bc714c5d41 [2mstate=[0midle
[2mNov  5 17:38:51.753[0m [92mINF[0m [2mexecutor/container_manager.go:319[0m Shutting down all Containers...
[2mNov  5 17:38:52.115[0m [92mINF[0m [2mexecutor/container_manager.go:323[0m Shutdown process is done
[2mNov  5 17:38:53.667[0m [92mINF[0m [2mexecutor/container_manager.go:271[0m Current workers is not at the limit [2mcurrent=[0m0 [2mlimit=[0m5
[2mNov  5 17:38:53.836[0m [92mINF[0m [2mexecutor/container_manager.go:172[0m Container started [2mcontainer_id=[0mf42f3378f695291a93d485dc832f61b3cd9dea3055defdbed8700e47acfdb90e
[2mNov  5 17:38:53.993[0m [92mINF[0m [2mexecutor/container_manager.go:172[0m Container started [2mcontainer_id=[0m3575817cd6f00dc5abc49922d70af735fe141bb93abd10cb9215f3a5c8edcda0
[2mNov  5 17:38:54.149[0m [92mINF[0m [2mexecutor/container_manager.go:172[0m Container started [2mcontainer_id=[0md70d6ca472b3bf9b60c175ff6f121201de1ffa4b02657ca103655fed1ec660ca
[2mNov  5 17:38:54.298[0m [92mINF[0m [2mexecutor/container_manager.go:172[0m Container started [2mcontainer_id=[0m8b3db5a7512f5d8f7201c3a8e71f8a399b58394cbf718b563099de235efc0a0f
[2mNov  5 17:38:54.464[0m [92mINF[0m [2mexecutor/container_manager.go:172[0m Container started [2mcontainer_id=[0m1d7dd3efabf8406d19cbad65899aa757b726a78cdbe9119c6818c323c67e6f27
[2mNov  5 17:38:58.331[0m [92mINF[0m [2mexecutor/container_manager.go:303[0m Container is assigned to job [2mcontainer_id=[0m3575817cd6f00dc5abc49922d70af735fe141bb93abd10cb9215f3a5c8edcda0
[2mNov  5 17:38:58.331[0m [92mINF[0m [2mexecutor/worker_pool.go:305[0m Container state is set [2mcontainer_id=[0m3575817cd6f00dc5abc49922d70af735fe141bb93abd10cb9215f3a5c8edcda0 [2mstate=[0mbusy
[2mNov  5 17:39:02.628[0m [92mINF[0m [2mexecutor/worker_pool.go:305[0m Container state is set [2mcontainer_id=[0m3575817cd6f00dc5abc49922d70af735fe141bb93abd10cb9215f3a5c8edcda0 [2mstate=[0midle
[2mNov  5 17:39:15.464[0m [92mINF[0m [2mexecutor/container_manager.go:303[0m Container is assigned to job [2mcontainer_id=[0mf42f3378f695291a93d485dc832f61b3cd9dea3055defdbed8700e47acfdb90e
[2mNov  5 17:39:15.464[0m [92mINF[0m [2mexecutor/worker_pool.go:305[0m Container state is set [2mcontainer_id=[0mf42f3378f695291a93d485dc832f61b3cd9dea3055defdbed8700e47acfdb90e [2mstate=[0mbusy
[2mNov  5 17:39:19.857[0m [92mINF[0m [2mexecutor/worker_pool.go:305[0m Container state is set [2mcontainer_id=[0mf42f3378f695291a93d485dc832f61b3cd9dea3055defdbed8700e47acfdb90e [2mstate=[0midle
[2mNov  5 17:39:21.362[0m [92mINF[0m [2mexecutor/container_manager.go:319[0m Shutting down all Containers...
[2mNov  5 17:39:21.794[0m [92mINF[0m [2mexecutor/container_manager.go:323[0m Shutdown process is done
[2mNov  5 17:40:40.773[0m [92mINF[0m [2mexecutor/container_manager.go:271[0m Current workers is not at the limit [2mcurrent=[0m0 [2mlimit=[0m5
[2mNov  5 17:40:40.966[0m [92mINF[0m [2mexecutor/container_manager.go:172[0m Container started [2mcontainer_id=[0m8ed06aa0fffb62a2081d1fca45dd29c8245ea8e96db6f0222ed9ad8f2a942866
[2mNov  5 17:40:41.123[0m [92mINF[0m [2mexecutor/container_manager.go:172[0m Container started [2mcontainer_id=[0m236c709d0e0c4ec6ce4185bb20145083b3905c93a4c4d8349110ae6d8777f93b
[2mNov  5 17:40:41.300[0m [92mINF[0m [2mexecutor/container_manager.go:172[0m Container started [2mcontainer_id=[0m23bf0f9aa104172e33a7b1618635f1bb8695403455c034ef11a45a678f6df446
[2mNov  5 17:40:41.463[0m [92mINF[0m [2mexecutor/container_manager.go:172[0m Container started [2mcontainer_id=[0m445685713d9a92fa77c912a013cbdc65dd7e768ed7531c46fb963640c38263ff
[2mNov  5 17:40:41.618[0m [92mINF[0m [2mexecutor/container_manager.go:172[0m Container started [2mcontainer_id=[0m71132103a9248307ef18b669daa9841f6f972962615ae34dd79fb76f6cadd655
[2mNov  5 17:40:44.492[0m [92mINF[0m [2mexecutor/container_manager.go:303[0m Container is assigned to job [2mcontainer_id=[0m445685713d9a92fa77c912a013cbdc65dd7e768ed7531c46fb963640c38263ff
[2mNov  5 17:40:44.492[0m [92mINF[0m [2mexecutor/worker_pool.go:305[0m Container state is set [2mcontainer_id=[0m445685713d9a92fa77c912a013cbdc65dd7e768ed7531c46fb963640c38263ff [2mstate=[0mbusy
[2mNov  5 17:40:48.150[0m [92mINF[0m [2mexecutor/worker_pool.go:305[0m Container state is set [2mcontainer_id=[0m445685713d9a92fa77c912a013cbdc65dd7e768ed7531c46fb963640c38263ff [2mstate=[0midle
[2mNov  5 17:40:50.464[0m [92mINF[0m [2mexecutor/container_manager.go:303[0m Container is assigned to job [2mcontainer_id=[0m71132103a9248307ef18b669daa9841f6f972962615ae34dd79fb76f6cadd655
[2mNov  5 17:40:50.464[0m [92mINF[0m [2mexecutor/worker_pool.go:305[0m Container state is set [2mcontainer_id=[0m71132103a9248307ef18b669daa9841f6f972962615ae34dd79fb76f6cadd655 [2mstate=[0mbusy
[2mNov  5 17:40:54.597[0m [92mINF[0m [2mexecutor/worker_pool.go:305[0m Container state is set [2mcontainer_id=[0m71132103a9248307ef18b669daa9841f6f972962615ae34dd79fb76f6cadd655 [2mstate=[0midle
[2mNov  5 17:41:06.317[0m [92mINF[0m [2mexecutor/container_manager.go:319[0m Shutting down all Containers...
[2mNov  5 17:41:06.720[0m [92mINF[0m [2mexecutor/container_manager.go:323[0m Shutdown process is done
